<?xml version="1.0" encoding="UTF-8"?>
<!-- Generated by org.testng.reporters.JUnitReportReporter -->
<testsuite skipped="0" hostname="HP-PC" name="driver.PP" tests="2" failures="0" timestamp="28 Feb 2020 06:23:20 GMT" time="0.031" errors="0">
  <testcase name="tc2" time="0.015" classname="driver.PP"/>
  <testcase name="tc1" time="0.016" classname="driver.PP"/>
</testsuite> <!-- driver.PP -->
