<?xml version="1.0" encoding="UTF-8"?>
<!-- Generated by org.testng.reporters.JUnitReportReporter -->
<testsuite skipped="0" hostname="HP-PC" name="driver.qq" tests="2" failures="0" timestamp="28 Feb 2020 06:23:20 GMT" time="0.000" errors="0">
  <testcase name="tc11" time="0.000" classname="driver.qq"/>
  <testcase name="tc22" time="0.000" classname="driver.qq"/>
</testsuite> <!-- driver.qq -->
